<?xml version="1.0" encoding="UTF-8"?>
<testng-results ignored="0" total="1" passed="1" failed="0" skipped="0">
  <reporter-output>
  </reporter-output>
  <suite started-at="2024-08-18T18:24:12 IST" name="Suite" finished-at="2024-08-18T18:24:22 IST" duration-ms="10798">
    <groups>
    </groups>
    <test started-at="2024-08-18T18:24:12 IST" name="Test" finished-at="2024-08-18T18:24:22 IST" duration-ms="10798">
      <class name="search.SearchTest">
        <test-method is-config="true" signature="myUp()[pri:0, instance:search.SearchTest@21b2e768]" started-at="2024-08-18T18:24:12 IST" name="myUp" finished-at="2024-08-18T18:24:15 IST" duration-ms="3976" status="PASS">
          <reporter-output>
          </reporter-output>
        </test-method> <!-- myUp -->
        <test-method signature="f()[pri:0, instance:search.SearchTest@21b2e768]" started-at="2024-08-18T18:24:16 IST" name="f" finished-at="2024-08-18T18:24:22 IST" duration-ms="6348" status="PASS">
          <reporter-output>
          </reporter-output>
        </test-method> <!-- f -->
        <test-method is-config="true" signature="tearDown()[pri:0, instance:search.SearchTest@21b2e768]" started-at="2024-08-18T18:24:22 IST" name="tearDown" finished-at="2024-08-18T18:24:22 IST" duration-ms="403" status="PASS">
          <reporter-output>
          </reporter-output>
        </test-method> <!-- tearDown -->
      </class> <!-- search.SearchTest -->
    </test> <!-- Test -->
  </suite> <!-- Suite -->
</testng-results>
